11:41:06 **** Incremental Build of configuration Debug for project Class_example_368 ****
make all 
Building file: ../Lec_8_9_10_368/Lecture_10.cpp
Invoking: GCC C++ Compiler
g++ -O0 -g3 -Wall -c -fmessage-length=0 -MMD -MP -MF"Lec_8_9_10_368/Lecture_10.d" -MT"Lec_8_9_10_368/Lecture_10.o" -o "Lec_8_9_10_368/Lecture_10.o" "../Lec_8_9_10_368/Lecture_10.cpp"
Finished building: ../Lec_8_9_10_368/Lecture_10.cpp
 
Building file: ../Lec_8_9_10_368/Lecture_8.cpp
Invoking: GCC C++ Compiler
g++ -O0 -g3 -Wall -c -fmessage-length=0 -MMD -MP -MF"Lec_8_9_10_368/Lecture_8.d" -MT"Lec_8_9_10_368/Lecture_8.o" -o "Lec_8_9_10_368/Lecture_8.o" "../Lec_8_9_10_368/Lecture_8.cpp"
Finished building: ../Lec_8_9_10_368/Lecture_8.cpp
 
Building file: ../Lec_8_9_10_368/Lecture_9.cpp
Invoking: GCC C++ Compiler
g++ -O0 -g3 -Wall -c -fmessage-length=0 -MMD -MP -MF"Lec_8_9_10_368/Lecture_9.d" -MT"Lec_8_9_10_368/Lecture_9.o" -o "Lec_8_9_10_368/Lecture_9.o" "../Lec_8_9_10_368/Lecture_9.cpp"
Finished building: ../Lec_8_9_10_368/Lecture_9.cpp
 
Building file: ../Lec_8_9_10_368/POINT.cpp
Invoking: GCC C++ Compiler
g++ -O0 -g3 -Wall -c -fmessage-length=0 -MMD -MP -MF"Lec_8_9_10_368/POINT.d" -MT"Lec_8_9_10_368/POINT.o" -o "Lec_8_9_10_368/POINT.o" "../Lec_8_9_10_368/POINT.cpp"
Finished building: ../Lec_8_9_10_368/POINT.cpp
 
Building file: ../example.cpp
Invoking: GCC C++ Compiler
g++ -O0 -g3 -Wall -c -fmessage-length=0 -MMD -MP -MF"example.d" -MT"example.o" -o "example.o" "../example.cpp"
Finished building: ../example.cpp
 
Building target: Class_example_368
Invoking: MacOS X C++ Linker
g++  -o "Class_example_368"  ./Lec_8_9_10_368/Lecture_10.o ./Lec_8_9_10_368/Lecture_8.o ./Lec_8_9_10_368/Lecture_9.o ./Lec_8_9_10_368/POINT.o  ./example.o   
duplicate symbol _main in:
    ./Lec_8_9_10_368/Lecture_10.o
    ./Lec_8_9_10_368/Lecture_8.o
duplicate symbol _main in:
    ./Lec_8_9_10_368/Lecture_10.o
    ./Lec_8_9_10_368/Lecture_9.o
duplicate symbol _main in:
    ./Lec_8_9_10_368/Lecture_10.o
    ./example.o
ld: 3 duplicate symbols for architecture x86_64
clang: error: linker command failed with exit code 1 (use -v to see invocation)
make: *** [Class_example_368] Error 1

11:41:10 Build Failed. 2 errors, 0 warnings. (took 3s.957ms)

