22:40:12 **** Incremental Build of configuration Debug for project Lecture2 ****
make all 
Building target: Lecture2
Invoking: MacOS X C++ Linker
g++  -o "Lecture2"  ./lecTwo.o   
Undefined symbols for architecture x86_64:
  "_main", referenced from:
     implicit entry/start for main executable
ld: symbol(s) not found for architecture x86_64
clang: error: linker command failed with exit code 1 (use -v to see invocation)
make: *** [Lecture2] Error 1

22:40:12 Build Failed. 2 errors, 0 warnings. (took 125ms)

